[1/10] Performing build step for 'bootloader'
[1/1] cmd.exe /C "cd /D C:\get-started\Node\build\bootloader\esp-idf\esptool_py && C:\Espressif\python_env\idf5.2_py3.11_env\Scripts\python.exe C:/Espressif/frameworks/esp-idf-v5.2.1/components/partition_table/check_sizes.py --offset 0x8000 bootloader 0x1000 C:/get-started/Node/build/bootloader/bootloader.bin"
Bootloader binary size 0x6860 bytes. 0x7a0 bytes (7%) free.
[2/8] Building C object esp-idf/main/CMakeFiles/__idf_main.dir/main.c.obj
FAILED: esp-idf/main/CMakeFiles/__idf_main.dir/main.c.obj 
ccache C:\Espressif\tools\xtensa-esp-elf\esp-13.2.0_20230928\xtensa-esp-elf\bin\xtensa-esp32-elf-gcc.exe -DESP_PLATFORM -DIDF_VER=\"v5.2.1-dirty\" -DMBEDTLS_CONFIG_FILE=\"mbedtls/esp_config.h\" -DSOC_MMU_PAGE_SIZE=CONFIG_MMU_PAGE_SIZE -DSOC_XTAL_FREQ_MHZ=CONFIG_XTAL_FREQ -DUNITY_INCLUDE_CONFIG_H -D_GLIBCXX_HAVE_POSIX_SEMAPHORE -D_GLIBCXX_USE_POSIX_SEMAPHORE -D_GNU_SOURCE -D_POSIX_READER_WRITER_LOCKS -IC:/get-started/Node/build/config -IC:/get-started/Node/main -IC:/Espressif/frameworks/esp-idf-v5.2.1/components/newlib/platform_include -IC:/Espressif/frameworks/esp-idf-v5.2.1/components/freertos/config/include -IC:/Espressif/frameworks/esp-idf-v5.2.1/components/freertos/config/include/freertos -IC:/Espressif/frameworks/esp-idf-v5.2.1/components/freertos/config/xtensa/include -IC:/Espressif/frameworks/esp-idf-v5.2.1/components/freertos/FreeRTOS-Kernel/include -IC:/Espressif/frameworks/esp-idf-v5.2.1/components/freertos/FreeRTOS-Kernel/portable/xtensa/include -IC:/Espressif/frameworks/esp-idf-v5.2.1/components/freertos/FreeRTOS-Kernel/portable/xtensa/include/freertos -IC:/Espressif/frameworks/esp-idf-v5.2.1/components/freertos/esp_additions/include -IC:/Espressif/frameworks/esp-idf-v5.2.1/components/esp_hw_support/include -IC:/Espressif/frameworks/esp-idf-v5.2.1/components/esp_hw_support/include/soc -IC:/Espressif/frameworks/esp-idf-v5.2.1/components/esp_hw_support/include/soc/esp32 -IC:/Espressif/frameworks/esp-idf-v5.2.1/components/esp_hw_support/port/esp32/. -IC:/Espressif/frameworks/esp-idf-v5.2.1/components/heap/include -IC:/Espressif/frameworks/esp-idf-v5.2.1/components/log/include -IC:/Espressif/frameworks/esp-idf-v5.2.1/components/soc/include -IC:/Espressif/frameworks/esp-idf-v5.2.1/components/soc/esp32 -IC:/Espressif/frameworks/esp-idf-v5.2.1/components/soc/esp32/include -IC:/Espressif/frameworks/esp-idf-v5.2.1/components/hal/platform_port/include -IC:/Espressif/frameworks/esp-idf-v5.2.1/components/hal/esp32/include -IC:/Espressif/frameworks/esp-idf-v5.2.1/components/hal/include -IC:/Espressif/frameworks/esp-idf-v5.2.1/components/esp_rom/include -IC:/Espressif/frameworks/esp-idf-v5.2.1/components/esp_rom/include/esp32 -IC:/Espressif/frameworks/esp-idf-v5.2.1/components/esp_rom/esp32 -IC:/Espressif/frameworks/esp-idf-v5.2.1/components/esp_common/include -IC:/Espressif/frameworks/esp-idf-v5.2.1/components/esp_system/include -IC:/Espressif/frameworks/esp-idf-v5.2.1/components/esp_system/port/soc -IC:/Espressif/frameworks/esp-idf-v5.2.1/components/esp_system/port/include/private -IC:/Espressif/frameworks/esp-idf-v5.2.1/components/xtensa/esp32/include -IC:/Espressif/frameworks/esp-idf-v5.2.1/components/xtensa/include -IC:/Espressif/frameworks/esp-idf-v5.2.1/components/xtensa/deprecated_include -IC:/Espressif/frameworks/esp-idf-v5.2.1/components/lwip/include -IC:/Espressif/frameworks/esp-idf-v5.2.1/components/lwip/include/apps -IC:/Espressif/frameworks/esp-idf-v5.2.1/components/lwip/include/apps/sntp -IC:/Espressif/frameworks/esp-idf-v5.2.1/components/lwip/lwip/src/include -IC:/Espressif/frameworks/esp-idf-v5.2.1/components/lwip/port/include -IC:/Espressif/frameworks/esp-idf-v5.2.1/components/lwip/port/freertos/include -IC:/Espressif/frameworks/esp-idf-v5.2.1/components/lwip/port/esp32xx/include -IC:/Espressif/frameworks/esp-idf-v5.2.1/components/lwip/port/esp32xx/include/arch -IC:/Espressif/frameworks/esp-idf-v5.2.1/components/lwip/port/esp32xx/include/sys -IC:/Espressif/frameworks/esp-idf-v5.2.1/components/esp_ringbuf/include -IC:/Espressif/frameworks/esp-idf-v5.2.1/components/efuse/include -IC:/Espressif/frameworks/esp-idf-v5.2.1/components/efuse/esp32/include -IC:/Espressif/frameworks/esp-idf-v5.2.1/components/esp_mm/include -IC:/Espressif/frameworks/esp-idf-v5.2.1/components/driver/include -IC:/Espressif/frameworks/esp-idf-v5.2.1/components/driver/deprecated -IC:/Espressif/frameworks/esp-idf-v5.2.1/components/driver/analog_comparator/include -IC:/Espressif/frameworks/esp-idf-v5.2.1/components/driver/dac/include -IC:/Espressif/frameworks/esp-idf-v5.2.1/components/driver/gpio/include -IC:/Espressif/frameworks/esp-idf-v5.2.1/components/driver/gptimer/include -IC:/Espressif/frameworks/esp-idf-v5.2.1/components/driver/i2c/include -IC:/Espressif/frameworks/esp-idf-v5.2.1/components/driver/i2s/include -IC:/Espressif/frameworks/esp-idf-v5.2.1/components/driver/ledc/include -IC:/Espressif/frameworks/esp-idf-v5.2.1/components/driver/mcpwm/include -IC:/Espressif/frameworks/esp-idf-v5.2.1/components/driver/parlio/include -IC:/Espressif/frameworks/esp-idf-v5.2.1/components/driver/pcnt/include -IC:/Espressif/frameworks/esp-idf-v5.2.1/components/driver/rmt/include -IC:/Espressif/frameworks/esp-idf-v5.2.1/components/driver/sdio_slave/include -IC:/Espressif/frameworks/esp-idf-v5.2.1/components/driver/sdmmc/include -IC:/Espressif/frameworks/esp-idf-v5.2.1/components/driver/sigma_delta/include -IC:/Espressif/frameworks/esp-idf-v5.2.1/components/driver/spi/include -IC:/Espressif/frameworks/esp-idf-v5.2.1/components/driver/temperature_sensor/include -IC:/Espressif/frameworks/esp-idf-v5.2.1/components/driver/touch_sensor/include -IC:/Espressif/frameworks/esp-idf-v5.2.1/components/driver/twai/include -IC:/Espressif/frameworks/esp-idf-v5.2.1/components/driver/uart/include -IC:/Espressif/frameworks/esp-idf-v5.2.1/components/driver/usb_serial_jtag/include -IC:/Espressif/frameworks/esp-idf-v5.2.1/components/driver/touch_sensor/esp32/include -IC:/Espressif/frameworks/esp-idf-v5.2.1/components/esp_pm/include -IC:/Espressif/frameworks/esp-idf-v5.2.1/components/mbedtls/port/include -IC:/Espressif/frameworks/esp-idf-v5.2.1/components/mbedtls/mbedtls/include -IC:/Espressif/frameworks/esp-idf-v5.2.1/components/mbedtls/mbedtls/library -IC:/Espressif/frameworks/esp-idf-v5.2.1/components/mbedtls/esp_crt_bundle/include -IC:/Espressif/frameworks/esp-idf-v5.2.1/components/mbedtls/mbedtls/3rdparty/everest/include -IC:/Espressif/frameworks/esp-idf-v5.2.1/components/mbedtls/mbedtls/3rdparty/p256-m -IC:/Espressif/frameworks/esp-idf-v5.2.1/components/mbedtls/mbedtls/3rdparty/p256-m/p256-m -IC:/Espressif/frameworks/esp-idf-v5.2.1/components/esp_bootloader_format/include -IC:/Espressif/frameworks/esp-idf-v5.2.1/components/esp_app_format/include -IC:/Espressif/frameworks/esp-idf-v5.2.1/components/bootloader_support/include -IC:/Espressif/frameworks/esp-idf-v5.2.1/components/bootloader_support/bootloader_flash/include -IC:/Espressif/frameworks/esp-idf-v5.2.1/components/esp_partition/include -IC:/Espressif/frameworks/esp-idf-v5.2.1/components/app_update/include -IC:/Espressif/frameworks/esp-idf-v5.2.1/components/spi_flash/include -IC:/Espressif/frameworks/esp-idf-v5.2.1/components/pthread/include -IC:/Espressif/frameworks/esp-idf-v5.2.1/components/esp_timer/include -IC:/Espressif/frameworks/esp-idf-v5.2.1/components/app_trace/include -IC:/Espressif/frameworks/esp-idf-v5.2.1/components/esp_event/include -IC:/Espressif/frameworks/esp-idf-v5.2.1/components/nvs_flash/include -IC:/Espressif/frameworks/esp-idf-v5.2.1/components/esp_phy/include -IC:/Espressif/frameworks/esp-idf-v5.2.1/components/esp_phy/esp32/include -IC:/Espressif/frameworks/esp-idf-v5.2.1/components/vfs/include -IC:/Espressif/frameworks/esp-idf-v5.2.1/components/esp_netif/include -IC:/Espressif/frameworks/esp-idf-v5.2.1/components/wpa_supplicant/include -IC:/Espressif/frameworks/esp-idf-v5.2.1/components/wpa_supplicant/port/include -IC:/Espressif/frameworks/esp-idf-v5.2.1/components/wpa_supplicant/esp_supplicant/include -IC:/Espressif/frameworks/esp-idf-v5.2.1/components/esp_coex/include -IC:/Espressif/frameworks/esp-idf-v5.2.1/components/esp_wifi/include -IC:/Espressif/frameworks/esp-idf-v5.2.1/components/esp_wifi/wifi_apps/include -IC:/Espressif/frameworks/esp-idf-v5.2.1/components/unity/include -IC:/Espressif/frameworks/esp-idf-v5.2.1/components/unity/unity/src -IC:/Espressif/frameworks/esp-idf-v5.2.1/components/cmock/CMock/src -IC:/Espressif/frameworks/esp-idf-v5.2.1/components/console -IC:/Espressif/frameworks/esp-idf-v5.2.1/components/http_parser -IC:/Espressif/frameworks/esp-idf-v5.2.1/components/esp-tls -IC:/Espressif/frameworks/esp-idf-v5.2.1/components/esp-tls/esp-tls-crypto -IC:/Espressif/frameworks/esp-idf-v5.2.1/components/esp_adc/include -IC:/Espressif/frameworks/esp-idf-v5.2.1/components/esp_adc/interface -IC:/Espressif/frameworks/esp-idf-v5.2.1/components/esp_adc/esp32/include -IC:/Espressif/frameworks/esp-idf-v5.2.1/components/esp_adc/deprecated/include -IC:/Espressif/frameworks/esp-idf-v5.2.1/components/esp_eth/include -IC:/Espressif/frameworks/esp-idf-v5.2.1/components/esp_gdbstub/include -IC:/Espressif/frameworks/esp-idf-v5.2.1/components/esp_hid/include -IC:/Espressif/frameworks/esp-idf-v5.2.1/components/tcp_transport/include -IC:/Espressif/frameworks/esp-idf-v5.2.1/components/esp_http_client/include -IC:/Espressif/frameworks/esp-idf-v5.2.1/components/esp_http_server/include -IC:/Espressif/frameworks/esp-idf-v5.2.1/components/esp_https_ota/include -IC:/Espressif/frameworks/esp-idf-v5.2.1/components/esp_psram/include -IC:/Espressif/frameworks/esp-idf-v5.2.1/components/esp_lcd/include -IC:/Espressif/frameworks/esp-idf-v5.2.1/components/esp_lcd/interface -IC:/Espressif/frameworks/esp-idf-v5.2.1/components/protobuf-c/protobuf-c -IC:/Espressif/frameworks/esp-idf-v5.2.1/components/protocomm/include/common -IC:/Espressif/frameworks/esp-idf-v5.2.1/components/protocomm/include/security -IC:/Espressif/frameworks/esp-idf-v5.2.1/components/protocomm/include/transports -IC:/Espressif/frameworks/esp-idf-v5.2.1/components/protocomm/include/crypto/srp6a -IC:/Espressif/frameworks/esp-idf-v5.2.1/components/esp_local_ctrl/include -IC:/Espressif/frameworks/esp-idf-v5.2.1/components/espcoredump/include -IC:/Espressif/frameworks/esp-idf-v5.2.1/components/espcoredump/include/port/xtensa -IC:/Espressif/frameworks/esp-idf-v5.2.1/components/wear_levelling/include -IC:/Espressif/frameworks/esp-idf-v5.2.1/components/sdmmc/include -IC:/Espressif/frameworks/esp-idf-v5.2.1/components/fatfs/diskio -IC:/Espressif/frameworks/esp-idf-v5.2.1/components/fatfs/src -IC:/Espressif/frameworks/esp-idf-v5.2.1/components/fatfs/vfs -IC:/Espressif/frameworks/esp-idf-v5.2.1/components/idf_test/include -IC:/Espressif/frameworks/esp-idf-v5.2.1/components/idf_test/include/esp32 -IC:/Espressif/frameworks/esp-idf-v5.2.1/components/ieee802154/include -IC:/Espressif/frameworks/esp-idf-v5.2.1/components/json/cJSON -IC:/Espressif/frameworks/esp-idf-v5.2.1/components/mqtt/esp-mqtt/include -IC:/Espressif/frameworks/esp-idf-v5.2.1/components/nvs_sec_provider/include -IC:/Espressif/frameworks/esp-idf-v5.2.1/components/perfmon/include -IC:/Espressif/frameworks/esp-idf-v5.2.1/components/spiffs/include -IC:/Espressif/frameworks/esp-idf-v5.2.1/components/wifi_provisioning/include -IC:/get-started/Node/components/display -IC:/get-started/Node/components/protocols -IC:/get-started/Node/components/sensors -mlongcalls -Wno-frame-address  -fdiagnostics-color=always -ffunction-sections -fdata-sections -Wall -Werror=all -Wno-error=unused-function -Wno-error=unused-variable -Wno-error=unused-but-set-variable -Wno-error=deprecated-declarations -Wextra -Wno-unused-parameter -Wno-sign-compare -Wno-enum-conversion -gdwarf-4 -ggdb -Og -fno-shrink-wrap -fmacro-prefix-map=C:/get-started/Node=. -fmacro-prefix-map=C:/Espressif/frameworks/esp-idf-v5.2.1=/IDF -fstrict-volatile-bitfields -fno-jump-tables -fno-tree-switch-conversion -std=gnu17 -Wno-old-style-declaration -MD -MT esp-idf/main/CMakeFiles/__idf_main.dir/main.c.obj -MF esp-idf\main\CMakeFiles\__idf_main.dir\main.c.obj.d -o esp-idf/main/CMakeFiles/__idf_main.dir/main.c.obj -c C:/get-started/Node/main/main.c
In file included from C:/get-started/Node/main/main.c:10:
C:/Espressif/frameworks/esp-idf-v5.2.1/components/driver/deprecated/driver/adc.h:19:2: warning: #warning "legacy adc driver is deprecated, please migrate to use esp_adc/adc_oneshot.h and esp_adc/adc_continuous.h for oneshot mode and continuous mode drivers respectively" [-Wcpp]
   19 | #warning "legacy adc driver is deprecated, please migrate to use esp_adc/adc_oneshot.h and esp_adc/adc_continuous.h for oneshot mode and continuous mode drivers respectively"
      |  ^~~~~~~
C:/get-started/Node/main/main.c:23:27: warning: extra tokens at end of #include directive
   23 | #include <font8x8_basic.h>>
      |                           ^
In file included from C:/get-started/Node/main/main.c:22:
C:/get-started/Node/components/display/ssd1306.h:76:13: error: expected ';', ',' or ')' before string constant
   76 | #define tag "SSD1306"
      |             ^~~~~~~~~
C:/Espressif/frameworks/esp-idf-v5.2.1/components/esp_wifi/include/esp_private/wifi_os_adapter.h:119:57: note: in expansion of macro 'tag'
  119 |     void (* _log_write)(unsigned int level, const char* tag, const char* format, ...);
      |                                                         ^~~
C:/get-started/Node/components/display/ssd1306.h:76:13: error: expected ';', ',' or ')' before string constant
   76 | #define tag "SSD1306"
      |             ^~~~~~~~~
C:/Espressif/frameworks/esp-idf-v5.2.1/components/esp_wifi/include/esp_private/wifi_os_adapter.h:120:58: note: in expansion of macro 'tag'
  120 |     void (* _log_writev)(unsigned int level, const char* tag, const char* format, va_list args);
      |                                                          ^~~
C:/get-started/Node/components/display/ssd1306.h:76:13: error: expected ';', ',' or ')' before string constant
   76 | #define tag "SSD1306"
      |             ^~~~~~~~~
C:/Espressif/frameworks/esp-idf-v5.2.1/components/mbedtls/mbedtls/include/psa/crypto.h:2702:39: note: in expansion of macro 'tag'
 2702 |                              uint8_t *tag,
      |                                       ^~~
C:/get-started/Node/components/display/ssd1306.h:76:13: error: expected ';', ',' or ')' before string constant
   76 | #define tag "SSD1306"
      |             ^~~~~~~~~
C:/Espressif/frameworks/esp-idf-v5.2.1/components/mbedtls/mbedtls/include/psa/crypto.h:2785:45: note: in expansion of macro 'tag'
 2785 |                              const uint8_t *tag,
      |                                             ^~~
C:/get-started/Node/components/display/ssd1306.h:76:13: error: expected ';', ',' or ')' before string constant
   76 | #define tag "SSD1306"
      |             ^~~~~~~~~
C:/Espressif/frameworks/esp-idf-v5.2.1/components/mbedtls/mbedtls/include/mbedtls/cipher.h:1014:45: note: in expansion of macro 'tag'
 1014 |                              unsigned char *tag, size_t tag_len);
      |                                             ^~~
C:/get-started/Node/components/display/ssd1306.h:76:13: error: expected ';', ',' or ')' before string constant
   76 | #define tag "SSD1306"
      |             ^~~~~~~~~
C:/Espressif/frameworks/esp-idf-v5.2.1/components/mbedtls/mbedtls/include/mbedtls/cipher.h:1030:51: note: in expansion of macro 'tag'
 1030 |                              const unsigned char *tag, size_t tag_len);
      |                                                   ^~~
C:/get-started/Node/components/display/ssd1306.h:76:13: error: expected ';', ',' or ')' before string constant
   76 | #define tag "SSD1306"
      |             ^~~~~~~~~
C:/Espressif/frameworks/esp-idf-v5.2.1/components/mbedtls/port/include/aes/esp_aes_gcm.h:209:40: note: in expansion of macro 'tag'
  209 |                         unsigned char *tag, size_t tag_len );
      |                                        ^~~
C:/get-started/Node/components/display/ssd1306.h:76:13: error: expected ';', ',' or ')' before string constant
   76 | #define tag "SSD1306"
      |             ^~~~~~~~~
C:/Espressif/frameworks/esp-idf-v5.2.1/components/mbedtls/port/include/aes/esp_aes_gcm.h:252:47: note: in expansion of macro 'tag'
  252 |                                unsigned char *tag );
      |                                               ^~~
C:/get-started/Node/components/display/ssd1306.h:76:13: error: expected ';', ',' or ')' before string constant
   76 | #define tag "SSD1306"
      |             ^~~~~~~~~
C:/Espressif/frameworks/esp-idf-v5.2.1/components/mbedtls/port/include/aes/esp_aes_gcm.h:284:52: note: in expansion of macro 'tag'
  284 |                               const unsigned char *tag,
      |                                                    ^~~
C:/get-started/Node/components/display/ssd1306.h:76:13: error: expected ';', ',' or ')' before string constant
   76 | #define tag "SSD1306"
      |             ^~~~~~~~~
C:/Espressif/frameworks/esp-idf-v5.2.1/components/mbedtls/mbedtls/include/mbedtls/gcm.h:162:46: note: in expansion of macro 'tag'
  162 |                               unsigned char *tag);
      |                                              ^~~
C:/get-started/Node/components/display/ssd1306.h:76:13: error: expected ';', ',' or ')' before string constant
   76 | #define tag "SSD1306"
      |             ^~~~~~~~~
C:/Espressif/frameworks/esp-idf-v5.2.1/components/mbedtls/mbedtls/include/mbedtls/gcm.h:203:51: note: in expansion of macro 'tag'
  203 |                              const unsigned char *tag,
      |                                                   ^~~
C:/get-started/Node/components/display/ssd1306.h:76:13: error: expected ';', ',' or ')' before string constant
   76 | #define tag "SSD1306"
      |             ^~~~~~~~~
C:/Espressif/frameworks/esp-idf-v5.2.1/components/mbedtls/mbedtls/include/mbedtls/gcm.h:342:39: note: in expansion of macro 'tag'
  342 |                        unsigned char *tag, size_t tag_len);
      |                                       ^~~
C:/get-started/Node/components/display/ssd1306.h:76:13: error: expected ';', ',' or ')' before string constant
   76 | #define tag "SSD1306"
      |             ^~~~~~~~~
C:/Espressif/frameworks/esp-idf-v5.2.1/components/mbedtls/mbedtls/include/mbedtls/ccm.h:169:48: note: in expansion of macro 'tag'
  169 |                                 unsigned char *tag, size_t tag_len);
      |                                                ^~~
C:/get-started/Node/components/display/ssd1306.h:76:13: error: expected ';', ',' or ')' before string constant
   76 | #define tag "SSD1306"
      |             ^~~~~~~~~
C:/Espressif/frameworks/esp-idf-v5.2.1/components/mbedtls/mbedtls/include/mbedtls/ccm.h:218:53: note: in expansion of macro 'tag'
  218 |                                      unsigned char *tag, size_t tag_len);
      |                                                     ^~~
C:/get-started/Node/components/display/ssd1306.h:76:13: error: expected ';', ',' or ')' before string constant
   76 | #define tag "SSD1306"
      |             ^~~~~~~~~
C:/Espressif/frameworks/esp-idf-v5.2.1/components/mbedtls/mbedtls/include/mbedtls/ccm.h:255:51: note: in expansion of macro 'tag'
  255 |                              const unsigned char *tag, size_t tag_len);
      |                                                   ^~~
C:/get-started/Node/components/display/ssd1306.h:76:13: error: expected ';', ',' or ')' before string constant
   76 | #define tag "SSD1306"
      |             ^~~~~~~~~
C:/Espressif/frameworks/esp-idf-v5.2.1/components/mbedtls/mbedtls/include/mbedtls/ccm.h:301:56: note: in expansion of macro 'tag'
  301 |                                   const unsigned char *tag, size_t tag_len);
      |                                                        ^~~
C:/get-started/Node/components/display/ssd1306.h:76:13: error: expected ';', ',' or ')' before string constant
   76 | #define tag "SSD1306"
      |             ^~~~~~~~~
C:/Espressif/frameworks/esp-idf-v5.2.1/components/mbedtls/mbedtls/include/mbedtls/ccm.h:502:39: note: in expansion of macro 'tag'
  502 |                        unsigned char *tag, size_t tag_len);
      |                                       ^~~
C:/get-started/Node/components/display/ssd1306.h:76:13: error: expected ';', ',' or ')' before string constant
   76 | #define tag "SSD1306"
      |             ^~~~~~~~~
C:/Espressif/frameworks/esp-idf-v5.2.1/components/mbedtls/mbedtls/include/mbedtls/chachapoly.h:292:54: note: in expansion of macro 'tag'
  292 |                                        unsigned char tag[16]);
      |                                                      ^~~
C:/get-started/Node/components/display/ssd1306.h:76:13: error: expected ';', ',' or ')' before string constant
   76 | #define tag "SSD1306"
      |             ^~~~~~~~~
C:/Espressif/frameworks/esp-idf-v5.2.1/components/mbedtls/mbedtls/include/mbedtls/chachapoly.h:324:57: note: in expansion of macro 'tag'
  324 |                                     const unsigned char tag[16],
      |                                                         ^~~
C:/get-started/Node/components/display/ssd1306.h:76:13: error: expected identifier or '(' before string constant
   76 | #define tag "SSD1306"
      |             ^~~~~~~~~
C:/Espressif/frameworks/esp-idf-v5.2.1/components/mbedtls/mbedtls/include/mbedtls/asn1.h:142:9: note: in expansion of macro 'tag'
  142 |     int tag;                /**< ASN1 type, e.g. MBEDTLS_ASN1_UTF8_STRING. */
      |         ^~~
C:/get-started/Node/components/display/ssd1306.h:76:13: error: expected ';', ',' or ')' before string constant
   76 | #define tag "SSD1306"
      |             ^~~~~~~~~
C:/Espressif/frameworks/esp-idf-v5.2.1/components/mbedtls/mbedtls/include/mbedtls/asn1.h:246:43: note: in expansion of macro 'tag'
  246 |                          size_t *len, int tag);
      |                                           ^~~
C:/get-started/Node/components/display/ssd1306.h:76:13: error: expected ';', ',' or ')' before string constant
   76 | #define tag "SSD1306"
      |             ^~~~~~~~~
C:/Espressif/frameworks/esp-idf-v5.2.1/components/mbedtls/mbedtls/include/mbedtls/asn1.h:403:38: note: in expansion of macro 'tag'
  403 |                                  int tag);
      |                                      ^~~
C:/get-started/Node/components/display/ssd1306.h:76:13: error: expected ';', ',' or ')' before string constant
   76 | #define tag "SSD1306"
      |             ^~~~~~~~~
C:/Espressif/frameworks/esp-idf-v5.2.1/components/mbedtls/mbedtls/include/mbedtls/asn1.h:517:30: note: in expansion of macro 'tag'
  517 |     int (*cb)(void *ctx, int tag,
      |                              ^~~
In file included from C:/Espressif/frameworks/esp-idf-v5.2.1/components/mbedtls/mbedtls/include/mbedtls/x509.h:16,
                 from C:/Espressif/frameworks/esp-idf-v5.2.1/components/mbedtls/mbedtls/include/mbedtls/x509_crt.h:16,
                 from C:/Espressif/frameworks/esp-idf-v5.2.1/components/mbedtls/mbedtls/include/mbedtls/ssl.h:23,
                 from C:/Espressif/frameworks/esp-idf-v5.2.1/components/esp-tls/esp_tls_errors.h:13,
                 from C:/Espressif/frameworks/esp-idf-v5.2.1/components/esp-tls/esp_tls.h:11,
                 from C:/get-started/Node/main/main.c:60:
C:/Espressif/frameworks/esp-idf-v5.2.1/components/mbedtls/mbedtls/include/mbedtls/asn1.h:519:5: error: expected ';', ',' or ')' before 'void'
  519 |     void *ctx);
      |     ^~~~
C:/get-started/Node/components/display/ssd1306.h:76:13: error: expected ';', ',' or ')' before string constant
   76 | #define tag "SSD1306"
      |             ^~~~~~~~~
C:/Espressif/frameworks/esp-idf-v5.2.1/components/mbedtls/mbedtls/include/mbedtls/x509.h:477:53: note: in expansion of macro 'tag'
  477 |                          mbedtls_x509_buf *ext, int tag);
      |                                                     ^~~
C:/get-started/Node/main/main.c: In function 'handle_rreq':
C:/get-started/Node/main/main.c:265:23: warning: passing argument 1 of 'send_rrep' from incompatible pointer type [-Wincompatible-pointer-types]
  265 |             send_rrep(&rrep);
      |                       ^~~~~
      |                       |
      |                       rrep_packet_t **
C:/get-started/Node/main/main.c:229:31: note: expected 'rrep_packet_t *' but argument is of type 'rrep_packet_t **'
  229 | void send_rrep(rrep_packet_t *rrep) {
      |                ~~~~~~~~~~~~~~~^~~~
C:/get-started/Node/main/main.c:270:23: warning: passing argument 1 of 'send_rreq' from incompatible pointer type [-Wincompatible-pointer-types]
  270 |             send_rreq(&rreq);
      |                       ^~~~~
      |                       |
      |                       rreq_packet_t **
C:/get-started/Node/main/main.c:221:31: note: expected 'rreq_packet_t *' but argument is of type 'rreq_packet_t **'
  221 | void send_rreq(rreq_packet_t *rreq) {
      |                ~~~~~~~~~~~~~~~^~~~
C:/get-started/Node/main/main.c:255:30: warning: unused variable 'route' [-Wunused-variable]
  255 |         route_table_entry_t* route = find_route(rreq->dest_add);
      |                              ^~~~~
C:/get-started/Node/main/main.c: In function 'app_main':
C:/get-started/Node/main/main.c:754:15: warning: passing argument 1 of 'send_rreq' from incompatible pointer type [-Wincompatible-pointer-types]
  754 |     send_rreq(&rreq_first);
      |               ^~~~~~~~~~~
      |               |
      |               rreq_packet_t **
C:/get-started/Node/main/main.c:221:31: note: expected 'rreq_packet_t *' but argument is of type 'rreq_packet_t **'
  221 | void send_rreq(rreq_packet_t *rreq) {
      |                ~~~~~~~~~~~~~~~^~~~
In file included from C:/get-started/Node/main/main.c:29:
C:/get-started/Node/components/protocols/uart.h: At top level:
C:/get-started/Node/components/protocols/uart.h:72:13: warning: 'tx_task1' declared 'static' but never defined [-Wunused-function]
   72 | static void tx_task1(void *arg);
      |             ^~~~~~~~
C:/get-started/Node/components/protocols/uart.h:74:13: warning: 'rx_task1' declared 'static' but never defined [-Wunused-function]
   74 | static void rx_task1(void *arg);
      |             ^~~~~~~~
C:/get-started/Node/components/protocols/uart.h:76:22: warning: 'find_uart_by_rx' declared 'static' but never defined [-Wunused-function]
   76 | inline static int8_t find_uart_by_rx(uint8_t rx_pin);
      |                      ^~~~~~~~~~~~~~~
C:/get-started/Node/components/protocols/uart.h:79:13: warning: 'handle_rx' declared 'static' but never defined [-Wunused-function]
   79 | static void handle_rx(void *arg);
      |             ^~~~~~~~~
C:/get-started/Node/components/protocols/uart.h:81:13: warning: 'check_uart_no' declared 'static' but never defined [-Wunused-function]
   81 | static bool check_uart_no(uint8_t uart_no);
      |             ^~~~~~~~~~~~~
C:/get-started/Node/components/protocols/uart.h:83:13: warning: 'check_uart_enabled' declared 'static' but never defined [-Wunused-function]
   83 | static bool check_uart_enabled(uint8_t uart_no);
      |             ^~~~~~~~~~~~~~~~~~
C:/get-started/Node/main/main.c:373:13: warning: 'receiveRoute_task' defined but not used [-Wunused-function]
  373 | static void receiveRoute_task(void *arg)
      |             ^~~~~~~~~~~~~~~~~
C:/get-started/Node/main/main.c:350:20: warning: 'TAG' defined but not used [-Wunused-variable]
  350 | static const char *TAG = "uart_example";
      |                    ^~~
In file included from C:/get-started/Node/main/main.c:23:
C:/get-started/Node/components/display/font8x8_basic.h:41:16: warning: 'font8x8_basic_tr' defined but not used [-Wunused-variable]
   41 | static uint8_t font8x8_basic_tr[128][8] = {
      |                ^~~~~~~~~~~~~~~~
ninja: build stopped: subcommand failed.
